<?xml version="1.0" encoding="UTF-8"?>
<!-- Generated by org.testng.reporters.JUnitXMLReporter -->
<testsuite ignored="0" hostname="DESKTOP-Q0FC01L" failures="0" tests="3" name="Test" time="44.648" errors="0" timestamp="2025-11-01T10:03:41 IST">
  <testcase classname="testcases.CrossBrowser" name="VerifySpanishLanguage" time="3.973"/>
  <testcase classname="testcases.CrossBrowser" name="clickOpinion" time="7.749"/>
  <testcase classname="testcases.CrossBrowser" name="scrapeArticles" time="20.206"/>
</testsuite> <!-- Test -->
