<?xml version="1.0" encoding="UTF-8"?>
<testng-results ignored="0" total="5" passed="5" failed="0" skipped="0">
  <reporter-output>
  </reporter-output>
  <suite started-at="2025-11-01T23:13:36 IST" name="BrowserStack Parallel Suite" finished-at="2025-11-01T23:16:09 IST" duration-ms="152917">
    <groups>
    </groups>
    <test started-at="2025-11-01T23:13:36 IST" name="Windows_Chrome" finished-at="2025-11-01T23:14:45 IST" duration-ms="69015">
      <class name="testcases.BrowserStack">
        <test-method is-config="true" signature="setUp(java.lang.String,java.lang.String,java.lang.String,java.lang.String,java.lang.String,java.lang.String)[pri:0, instance:testcases.BrowserStack@841e575]" started-at="2025-11-01T23:13:36 IST" name="setUp" finished-at="2025-11-01T23:13:45 IST" duration-ms="9080" status="PASS">
          <params>
            <param index="0">
              <value>
                <![CDATA[Windows]]>
              </value>
            </param>
            <param index="1">
              <value>
                <![CDATA[11]]>
              </value>
            </param>
            <param index="2">
              <value>
                <![CDATA[Chrome]]>
              </value>
            </param>
            <param index="3">
              <value>
                <![CDATA[latest]]>
              </value>
            </param>
            <param index="4">
              <value>
                <![CDATA[]]>
              </value>
            </param>
            <param index="5">
              <value>
                <![CDATA[false]]>
              </value>
            </param>
          </params>
          <reporter-output>
          </reporter-output>
        </test-method> <!-- setUp -->
        <test-method signature="testElPaisScraping()[pri:0, instance:testcases.BrowserStack@841e575]" started-at="2025-11-01T23:13:45 IST" name="testElPaisScraping" finished-at="2025-11-01T23:14:43 IST" duration-ms="58028" status="PASS">
          <reporter-output>
          </reporter-output>
        </test-method> <!-- testElPaisScraping -->
        <test-method is-config="true" signature="tearDown()[pri:0, instance:testcases.BrowserStack@841e575]" started-at="2025-11-01T23:14:43 IST" name="tearDown" finished-at="2025-11-01T23:14:45 IST" duration-ms="1575" status="PASS">
          <reporter-output>
          </reporter-output>
        </test-method> <!-- tearDown -->
      </class> <!-- testcases.BrowserStack -->
    </test> <!-- Windows_Chrome -->
    <test started-at="2025-11-01T23:13:36 IST" name="Windows_Edge" finished-at="2025-11-01T23:14:51 IST" duration-ms="75602">
      <class name="testcases.BrowserStack">
        <test-method is-config="true" signature="setUp(java.lang.String,java.lang.String,java.lang.String,java.lang.String,java.lang.String,java.lang.String)[pri:0, instance:testcases.BrowserStack@b91d8c4]" started-at="2025-11-01T23:13:36 IST" name="setUp" finished-at="2025-11-01T23:13:45 IST" duration-ms="8996" status="PASS">
          <params>
            <param index="0">
              <value>
                <![CDATA[Windows]]>
              </value>
            </param>
            <param index="1">
              <value>
                <![CDATA[10]]>
              </value>
            </param>
            <param index="2">
              <value>
                <![CDATA[Edge]]>
              </value>
            </param>
            <param index="3">
              <value>
                <![CDATA[latest]]>
              </value>
            </param>
            <param index="4">
              <value>
                <![CDATA[]]>
              </value>
            </param>
            <param index="5">
              <value>
                <![CDATA[false]]>
              </value>
            </param>
          </params>
          <reporter-output>
          </reporter-output>
        </test-method> <!-- setUp -->
        <test-method signature="testElPaisScraping()[pri:0, instance:testcases.BrowserStack@b91d8c4]" started-at="2025-11-01T23:13:45 IST" name="testElPaisScraping" finished-at="2025-11-01T23:14:50 IST" duration-ms="64920" status="PASS">
          <reporter-output>
          </reporter-output>
        </test-method> <!-- testElPaisScraping -->
        <test-method is-config="true" signature="tearDown()[pri:0, instance:testcases.BrowserStack@b91d8c4]" started-at="2025-11-01T23:14:50 IST" name="tearDown" finished-at="2025-11-01T23:14:51 IST" duration-ms="1372" status="PASS">
          <reporter-output>
          </reporter-output>
        </test-method> <!-- tearDown -->
      </class> <!-- testcases.BrowserStack -->
    </test> <!-- Windows_Edge -->
    <test started-at="2025-11-01T23:13:36 IST" name="Galaxy_S23" finished-at="2025-11-01T23:15:05 IST" duration-ms="89098">
      <class name="testcases.BrowserStack">
        <test-method is-config="true" signature="setUp(java.lang.String,java.lang.String,java.lang.String,java.lang.String,java.lang.String,java.lang.String)[pri:0, instance:testcases.BrowserStack@2baa8d82]" started-at="2025-11-01T23:13:36 IST" name="setUp" finished-at="2025-11-01T23:13:54 IST" duration-ms="17931" status="PASS">
          <params>
            <param index="0">
              <value>
                <![CDATA[]]>
              </value>
            </param>
            <param index="1">
              <value>
                <![CDATA[13]]>
              </value>
            </param>
            <param index="2">
              <value>
                <![CDATA[Chrome]]>
              </value>
            </param>
            <param index="3">
              <value>
                <![CDATA[latest]]>
              </value>
            </param>
            <param index="4">
              <value>
                <![CDATA[Samsung Galaxy S23]]>
              </value>
            </param>
            <param index="5">
              <value>
                <![CDATA[true]]>
              </value>
            </param>
          </params>
          <reporter-output>
          </reporter-output>
        </test-method> <!-- setUp -->
        <test-method signature="testElPaisScraping()[pri:0, instance:testcases.BrowserStack@2baa8d82]" started-at="2025-11-01T23:13:54 IST" name="testElPaisScraping" finished-at="2025-11-01T23:15:04 IST" duration-ms="69731" status="PASS">
          <reporter-output>
          </reporter-output>
        </test-method> <!-- testElPaisScraping -->
        <test-method is-config="true" signature="tearDown()[pri:0, instance:testcases.BrowserStack@2baa8d82]" started-at="2025-11-01T23:15:04 IST" name="tearDown" finished-at="2025-11-01T23:15:05 IST" duration-ms="1268" status="PASS">
          <reporter-output>
          </reporter-output>
        </test-method> <!-- tearDown -->
      </class> <!-- testcases.BrowserStack -->
    </test> <!-- Galaxy_S23 -->
    <test started-at="2025-11-01T23:13:36 IST" name="iPhone_15" finished-at="2025-11-01T23:15:47 IST" duration-ms="131320">
      <class name="testcases.BrowserStack">
        <test-method is-config="true" signature="setUp(java.lang.String,java.lang.String,java.lang.String,java.lang.String,java.lang.String,java.lang.String)[pri:0, instance:testcases.BrowserStack@4a067c25]" started-at="2025-11-01T23:13:36 IST" name="setUp" finished-at="2025-11-01T23:13:57 IST" duration-ms="21372" status="PASS">
          <params>
            <param index="0">
              <value>
                <![CDATA[]]>
              </value>
            </param>
            <param index="1">
              <value>
                <![CDATA[17]]>
              </value>
            </param>
            <param index="2">
              <value>
                <![CDATA[Safari]]>
              </value>
            </param>
            <param index="3">
              <value>
                <![CDATA[latest]]>
              </value>
            </param>
            <param index="4">
              <value>
                <![CDATA[iPhone 15]]>
              </value>
            </param>
            <param index="5">
              <value>
                <![CDATA[true]]>
              </value>
            </param>
          </params>
          <reporter-output>
          </reporter-output>
        </test-method> <!-- setUp -->
        <test-method signature="testElPaisScraping()[pri:0, instance:testcases.BrowserStack@4a067c25]" started-at="2025-11-01T23:13:57 IST" name="testElPaisScraping" finished-at="2025-11-01T23:15:46 IST" duration-ms="108269" status="PASS">
          <reporter-output>
          </reporter-output>
        </test-method> <!-- testElPaisScraping -->
        <test-method is-config="true" signature="tearDown()[pri:0, instance:testcases.BrowserStack@4a067c25]" started-at="2025-11-01T23:15:46 IST" name="tearDown" finished-at="2025-11-01T23:15:47 IST" duration-ms="1458" status="PASS">
          <reporter-output>
          </reporter-output>
        </test-method> <!-- tearDown -->
      </class> <!-- testcases.BrowserStack -->
    </test> <!-- iPhone_15 -->
    <test started-at="2025-11-01T23:13:36 IST" name="Mac_Firefox" finished-at="2025-11-01T23:16:09 IST" duration-ms="152916">
      <class name="testcases.BrowserStack">
        <test-method is-config="true" signature="setUp(java.lang.String,java.lang.String,java.lang.String,java.lang.String,java.lang.String,java.lang.String)[pri:0, instance:testcases.BrowserStack@f19c9d2]" started-at="2025-11-01T23:13:36 IST" name="setUp" finished-at="2025-11-01T23:13:47 IST" duration-ms="11107" status="PASS">
          <params>
            <param index="0">
              <value>
                <![CDATA[OS X]]>
              </value>
            </param>
            <param index="1">
              <value>
                <![CDATA[Monterey]]>
              </value>
            </param>
            <param index="2">
              <value>
                <![CDATA[Firefox]]>
              </value>
            </param>
            <param index="3">
              <value>
                <![CDATA[latest]]>
              </value>
            </param>
            <param index="4">
              <value>
                <![CDATA[]]>
              </value>
            </param>
            <param index="5">
              <value>
                <![CDATA[false]]>
              </value>
            </param>
          </params>
          <reporter-output>
          </reporter-output>
        </test-method> <!-- setUp -->
        <test-method signature="testElPaisScraping()[pri:0, instance:testcases.BrowserStack@f19c9d2]" started-at="2025-11-01T23:13:47 IST" name="testElPaisScraping" finished-at="2025-11-01T23:16:07 IST" duration-ms="139484" status="PASS">
          <reporter-output>
          </reporter-output>
        </test-method> <!-- testElPaisScraping -->
        <test-method is-config="true" signature="tearDown()[pri:0, instance:testcases.BrowserStack@f19c9d2]" started-at="2025-11-01T23:16:07 IST" name="tearDown" finished-at="2025-11-01T23:16:09 IST" duration-ms="2087" status="PASS">
          <reporter-output>
          </reporter-output>
        </test-method> <!-- tearDown -->
      </class> <!-- testcases.BrowserStack -->
    </test> <!-- Mac_Firefox -->
  </suite> <!-- BrowserStack Parallel Suite -->
</testng-results>
