<?xml version="1.0" encoding="UTF-8"?>
<!-- Generated by org.testng.reporters.JUnitReportReporter -->
<testsuite hostname="DESKTOP-Q0FC01L" failures="0" tests="5" name="testcases.BrowserStack" time="516.678" errors="0" timestamp="2025-11-01T23:16:09 IST" skipped="0">
  <testcase classname="testcases.BrowserStack" name="testElPaisScraping" time="68.683"/>
  <testcase classname="testcases.BrowserStack" name="testElPaisScraping" time="131.099"/>
  <testcase classname="testcases.BrowserStack" name="testElPaisScraping" time="152.678"/>
  <testcase classname="testcases.BrowserStack" name="testElPaisScraping" time="88.930"/>
  <testcase classname="testcases.BrowserStack" name="testElPaisScraping" time="75.288"/>
</testsuite> <!-- testcases.BrowserStack -->
