<?xml version="1.0" encoding="UTF-8"?>
<!-- Generated by org.testng.reporters.JUnitReportReporter -->
<testsuite hostname="DESKTOP-Q0FC01L" failures="0" tests="3" name="testcases.CrossBrowser" time="44.453" errors="0" timestamp="2025-11-02T15:14:09 IST" skipped="0">
  <testcase classname="testcases.CrossBrowser" name="VerifySpanishLanguage" time="3.796"/>
  <testcase classname="testcases.CrossBrowser" name="clickOpinion" time="7.822"/>
  <testcase classname="testcases.CrossBrowser" name="scrapeArticles" time="32.835"/>
</testsuite> <!-- testcases.CrossBrowser -->
