<?xml version="1.0" encoding="UTF-8"?>
<!-- Generated by org.testng.reporters.JUnitReportReporter -->
<testsuite hostname="DESKTOP-Q0FC01L" failures="0" tests="3" name="testcases.CrossBrowser" time="31.928" errors="0" timestamp="2025-11-01T10:03:42 IST" skipped="0">
  <testcase classname="testcases.CrossBrowser" name="VerifySpanishLanguage" time="3.973"/>
  <testcase classname="testcases.CrossBrowser" name="clickOpinion" time="7.749"/>
  <testcase classname="testcases.CrossBrowser" name="scrapeArticles" time="20.206"/>
</testsuite> <!-- testcases.CrossBrowser -->
