<?xml version="1.0" encoding="UTF-8"?>
<!-- Generated by org.testng.reporters.JUnitXMLReporter -->
<testsuite ignored="0" hostname="DESKTOP-Q0FC01L" failures="0" tests="1" name="iPhone_14" time="0.794" errors="0" timestamp="2025-11-01T18:09:53 IST">
  <testcase classname="testcases.BrowserStack" name="@BeforeMethod setUp" time="-1.762000792434E9">
    <failure type="org.testng.TestNGException" message="
Parameter &amp;apos;os&amp;apos; is required by BeforeMethod on method setUp but has not been marked @Optional or defined
in D:\CrossBrowser\CrossBrowser\crossbrowsertesting2.xml">
      <![CDATA[org.testng.TestNGException: 
Parameter 'os' is required by BeforeMethod on method setUp but has not been marked @Optional or defined
in D:\CrossBrowser\CrossBrowser\crossbrowsertesting2.xml
at java.base/java.util.ArrayList.forEach(ArrayList.java:1596)
at java.base/java.util.concurrent.FutureTask.run(FutureTask.java:317)
at java.base/java.util.concurrent.ThreadPoolExecutor.runWorker(ThreadPoolExecutor.java:1144)
at java.base/java.util.concurrent.ThreadPoolExecutor$Worker.run(ThreadPoolExecutor.java:642)
at java.base/java.lang.Thread.run(Thread.java:1583)
... Removed 18 stack frames]]>
    </failure>
  </testcase> <!-- @BeforeMethod setUp -->
  <testcase classname="testcases.BrowserStack" name="testElPaisScraping" time="0.0">
    <skipped/>
  </testcase> <!-- testElPaisScraping -->
</testsuite> <!-- iPhone_14 -->
